<?xml version="1.0" encoding="UTF-8"?>
<!-- Generated by org.testng.reporters.JUnitReportReporter -->
<testsuite hostname="ATMECSINLT-028" failures="0" tests="2" name="com.atmecs.php.test.PhpTravels" time="33.194" errors="0" timestamp="2019-12-04T20:43:35 IST" skipped="0">
  <testcase classname="com.atmecs.php.test.PhpTravels" name="bookingHotel" time="20.064"/>
  <testcase classname="com.atmecs.php.test.PhpTravels" name="identifyHotel" time="13.130"/>
</testsuite> <!-- com.atmecs.php.test.PhpTravels -->
