<?xml version="1.0" encoding="UTF-8"?>
<!-- Generated by org.testng.reporters.JUnitReportReporter -->
<testsuite hostname="ATMECSINLT-028" failures="0" tests="2" name="com.atmecs.php.test.PhpTravels" time="90.059" errors="0" timestamp="2019-12-09T10:34:20 IST" skipped="0">
  <testcase classname="com.atmecs.php.test.PhpTravels" name="bookingHotel" time="47.380"/>
  <testcase classname="com.atmecs.php.test.PhpTravels" name="identifyHotel" time="42.679"/>
</testsuite> <!-- com.atmecs.php.test.PhpTravels -->
