<?xml version="1.0" encoding="UTF-8"?>
<!-- Generated by org.testng.reporters.JUnitReportReporter -->
<testsuite hostname="ATMECSINLT-028" failures="0" tests="2" name="com.atmecs.php.test.PhpTravels" time="103.443" errors="0" timestamp="2019-12-06T11:24:50 IST" skipped="0">
  <testcase classname="com.atmecs.php.test.PhpTravels" name="bookingHotel" time="50.701"/>
  <testcase classname="com.atmecs.php.test.PhpTravels" name="identifyHotel" time="52.742"/>
</testsuite> <!-- com.atmecs.php.test.PhpTravels -->
